<?xml version="1.0" encoding="UTF-8"?>
<testsuite name="mockk.Matcher" tests="1" skipped="0" failures="1" errors="0" timestamp="2023-02-05T14:13:26" hostname="ASUS" time="1.077">
  <properties/>
  <testcase name="testExclude()" classname="mockk.Matcher" time="1.077">
    <failure message="java.lang.AssertionError: Verification failed: call 3 of 3: NormalClass(#1).start()) was not called.&#10;&#10;Calls to same mock:&#10;1) NormalClass(#1).setName(A)&#10;2) NormalClass(#1).printInfo()&#10;&#10;Stack traces:&#10;1)                                                                                    io.mockk.impl.InternalPlatform.captureStackTrace           (InternalPlatform.kt:121)                          &#10;                                                                                        io.mockk.impl.stub.MockKStub.handleInvocation            (MockKStub.kt:247)                                 &#10;                                                      io.mockk.impl.instantiation.JvmMockFactoryHelper$mockHandler$1.invocation                  (JvmMockFactoryHelper.kt:25)                       &#10;                                                                               io.mockk.proxy.jvm.advice.Interceptor.call                        (Interceptor.kt:20)                                &#10;                                                                                                   mockk.NormalClass.setName                     (NormalClass.kt:4)                                 &#10;                                                                                                       mockk.Matcher.testExclude                 (Matcher.kt:37)                                    &#10;                                                                       jdk.internal.reflect.NativeMethodAccessorImpl.invoke0                     (NativeMethodAccessorImpl.java:-2)N                &#10;                                                                       jdk.internal.reflect.NativeMethodAccessorImpl.invoke                      (NativeMethodAccessorImpl.java:62)                 &#10;                                                                   jdk.internal.reflect.DelegatingMethodAccessorImpl.invoke                      (DelegatingMethodAccessorImpl.java:43)             &#10;                                                                                            java.lang.reflect.Method.invoke                      (Method.java:566)                                  &#10;                                                                     org.junit.platform.commons.util.ReflectionUtils.invokeMethod                (ReflectionUtils.java:686)                         &#10;                                                                 org.junit.jupiter.engine.execution.MethodInvocation.proceed                     (MethodInvocation.java:60)                         &#10;                                  org.junit.jupiter.engine.execution.InvocationInterceptorChain$ValidatingInvocation.proceed                     (InvocationInterceptorChain.java:131)              &#10;                                                                 org.junit.jupiter.engine.extension.TimeoutExtension.intercept                   (TimeoutExtension.java:149)                        &#10;                                                                 org.junit.jupiter.engine.extension.TimeoutExtension.interceptTestableMethod     (TimeoutExtension.java:140)                        &#10;                                                                 org.junit.jupiter.engine.extension.TimeoutExtension.interceptTestMethod         (TimeoutExtension.java:84)                         &#10;                                      org.junit.jupiter.engine.execution.ExecutableInvoker$ReflectiveInterceptorCall.lambda$ofVoidMethod$0       (ExecutableInvoker.java:115)                       &#10;                                                                org.junit.jupiter.engine.execution.ExecutableInvoker.lambda$invoke$0             (ExecutableInvoker.java:105)                       &#10;                                 org.junit.jupiter.engine.execution.InvocationInterceptorChain$InterceptedInvocation.proceed                     (InvocationInterceptorChain.java:106)              &#10;                                                       org.junit.jupiter.engine.execution.InvocationInterceptorChain.proceed                     (InvocationInterceptorChain.java:64)               &#10;                                                       org.junit.jupiter.engine.execution.InvocationInterceptorChain.chainAndInvoke              (InvocationInterceptorChain.java:45)               &#10;                                                       org.junit.jupiter.engine.execution.InvocationInterceptorChain.invoke                      (InvocationInterceptorChain.java:37)               &#10;                                                                org.junit.jupiter.engine.execution.ExecutableInvoker.invoke                      (ExecutableInvoker.java:104)                       &#10;                                                                org.junit.jupiter.engine.execution.ExecutableInvoker.invoke                      (ExecutableInvoker.java:98)                        &#10;                                                        org.junit.jupiter.engine.descriptor.TestMethodTestDescriptor.lambda$invokeTestMethod$6   (TestMethodTestDescriptor.java:205)                &#10;                                                   org.junit.platform.engine.support.hierarchical.ThrowableCollector.execute                     (ThrowableCollector.java:73)                       &#10;                                                        org.junit.jupiter.engine.descriptor.TestMethodTestDescriptor.invokeTestMethod            (TestMethodTestDescriptor.java:201)                &#10;                                                        org.junit.jupiter.engine.descriptor.TestMethodTestDescriptor.execute                     (TestMethodTestDescriptor.java:137)                &#10;                                                        org.junit.jupiter.engine.descriptor.TestMethodTestDescriptor.execute                     (TestMethodTestDescriptor.java:71)                 &#10;                                                         org.junit.platform.engine.support.hierarchical.NodeTestTask.lambda$executeRecursively$5 (NodeTestTask.java:135)                            &#10;                                                   org.junit.platform.engine.support.hierarchical.ThrowableCollector.execute                     (ThrowableCollector.java:73)                       &#10;                                                         org.junit.platform.engine.support.hierarchical.NodeTestTask.lambda$executeRecursively$7 (NodeTestTask.java:125)                            &#10;                                                                 org.junit.platform.engine.support.hierarchical.Node.around                      (Node.java:135)                                    &#10;                                                         org.junit.platform.engine.support.hierarchical.NodeTestTask.lambda$executeRecursively$8 (NodeTestTask.java:123)                            &#10;                                                   org.junit.platform.engine.support.hierarchical.ThrowableCollector.execute                     (ThrowableCollector.java:73)                       &#10;                                                         org.junit.platform.engine.support.hierarchical.NodeTestTask.executeRecursively          (NodeTestTask.java:122)                            &#10;                                                         org.junit.platform.engine.support.hierarchical.NodeTestTask.execute                     (NodeTestTask.java:80)                             &#10;                                                                                                 java.util.ArrayList.forEach                     (ArrayList.java:1541)                              &#10;                            org.junit.platform.engine.support.hierarchical.SameThreadHierarchicalTestExecutorService.invokeAll                   (SameThreadHierarchicalTestExecutorService.java:38)&#10;                                                         org.junit.platform.engine.support.hierarchical.NodeTestTask.lambda$executeRecursively$5 (NodeTestTask.java:139)                            &#10;                                                   org.junit.platform.engine.support.hierarchical.ThrowableCollector.execute                     (ThrowableCollector.java:73)                       &#10;                                                         org.junit.platform.engine.support.hierarchical.NodeTestTask.lambda$executeRecursively$7 (NodeTestTask.java:125)                            &#10;                                                                 org.junit.platform.engine.support.hierarchical.Node.around                      (Node.java:135)                                    &#10;                                                         org.junit.platform.engine.support.hierarchical.NodeTestTask.lambda$executeRecursively$8 (NodeTestTask.java:123)                            &#10;                                                   org.junit.platform.engine.support.hierarchical.ThrowableCollector.execute                     (ThrowableCollector.java:73)                       &#10;                                                         org.junit.platform.engine.support.hierarchical.NodeTestTask.executeRecursively          (NodeTestTask.java:122)                            &#10;                                                         org.junit.platform.engine.support.hierarchical.NodeTestTask.execute                     (NodeTestTask.java:80)                             &#10;                                                                                                 java.util.ArrayList.forEach                     (ArrayList.java:1541)                              &#10;                            org.junit.platform.engine.support.hierarchical.SameThreadHierarchicalTestExecutorService.invokeAll                   (SameThreadHierarchicalTestExecutorService.java:38)&#10;                                                         org.junit.platform.engine.support.hierarchical.NodeTestTask.lambda$executeRecursively$5 (NodeTestTask.java:139)                            &#10;                                                   org.junit.platform.engine.support.hierarchical.ThrowableCollector.execute                     (ThrowableCollector.java:73)                       &#10;                                                         org.junit.platform.engine.support.hierarchical.NodeTestTask.lambda$executeRecursively$7 (NodeTestTask.java:125)                            &#10;                                                                 org.junit.platform.engine.support.hierarchical.Node.around                      (Node.java:135)                                    &#10;                                                         org.junit.platform.engine.support.hierarchical.NodeTestTask.lambda$executeRecursively$8 (NodeTestTask.java:123)                            &#10;                                                   org.junit.platform.engine.support.hierarchical.ThrowableCollector.execute                     (ThrowableCollector.java:73)                       &#10;                                                         org.junit.platform.engine.support.hierarchical.NodeTestTask.executeRecursively          (NodeTestTask.java:122)                            &#10;                                                         org.junit.platform.engine.support.hierarchical.NodeTestTask.execute                     (NodeTestTask.java:80)                             &#10;                            org.junit.platform.engine.support.hierarchical.SameThreadHierarchicalTestExecutorService.submit                      (SameThreadHierarchicalTestExecutorService.java:32)&#10;                                             org.junit.platform.engine.support.hierarchical.HierarchicalTestExecutor.execute                     (HierarchicalTestExecutor.java:57)                 &#10;                                               org.junit.platform.engine.support.hierarchical.HierarchicalTestEngine.execute                     (HierarchicalTestEngine.java:51)                   &#10;                                                                    org.junit.platform.launcher.core.DefaultLauncher.execute                     (DefaultLauncher.java:248)                         &#10;                                                                    org.junit.platform.launcher.core.DefaultLauncher.lambda$execute$5            (DefaultLauncher.java:211)                         &#10;                                                                    org.junit.platform.launcher.core.DefaultLauncher.withInterceptedStreams      (DefaultLauncher.java:226)                         &#10;                                                                    org.junit.platform.launcher.core.DefaultLauncher.execute                     (DefaultLauncher.java:199)                         &#10;                                                                    org.junit.platform.launcher.core.DefaultLauncher.execute                     (DefaultLauncher.java:132)                         &#10;   org.gradle.api.internal.tasks.testing.junitplatform.JUnitPlatformTestClassProcessor$CollectAllTestClassesExecutor.processAllTestClasses       (JUnitPlatformTestClassProcessor.java:99)          &#10;   org.gradle.api.internal.tasks.testing.junitplatform.JUnitPlatformTestClassProcessor$CollectAllTestClassesExecutor.access$000                  (JUnitPlatformTestClassProcessor.java:79)          &#10;                                 org.gradle.api.internal.tasks.testing.junitplatform.JUnitPlatformTestClassProcessor.stop                        (JUnitPlatformTestClassProcessor.java:75)          &#10;                                                       org.gradle.api.internal.tasks.testing.SuiteTestClassProcessor.stop                        (SuiteTestClassProcessor.java:61)                  &#10;                                                                       jdk.internal.reflect.NativeMethodAccessorImpl.invoke0                     (NativeMethodAccessorImpl.java:-2)N                &#10;                                                                       jdk.internal.reflect.NativeMethodAccessorImpl.invoke                      (NativeMethodAccessorImpl.java:62)                 &#10;                                                                   jdk.internal.reflect.DelegatingMethodAccessorImpl.invoke                      (DelegatingMethodAccessorImpl.java:43)             &#10;                                                                                            java.lang.reflect.Method.invoke                      (Method.java:566)                                  &#10;                                                                     org.gradle.internal.dispatch.ReflectionDispatch.dispatch                    (ReflectionDispatch.java:36)                       &#10;                                                                     org.gradle.internal.dispatch.ReflectionDispatch.dispatch                    (ReflectionDispatch.java:24)                       &#10;                                                             org.gradle.internal.dispatch.ContextClassLoaderDispatch.dispatch                    (ContextClassLoaderDispatch.java:33)               &#10;                                      org.gradle.internal.dispatch.ProxyDispatchAdapter$DispatchingInvocationHandler.invoke                      (ProxyDispatchAdapter.java:94)                     &#10;                                                                                               com.sun.proxy.$Proxy2.stop                        (-:-1)                                             &#10;                                                             org.gradle.api.internal.tasks.testing.worker.TestWorker.stop                        (TestWorker.java:133)                              &#10;                                                                       jdk.internal.reflect.NativeMethodAccessorImpl.invoke0                     (NativeMethodAccessorImpl.java:-2)N                &#10;                                                                       jdk.internal.reflect.NativeMethodAccessorImpl.invoke                      (NativeMethodAccessorImpl.java:62)                 &#10;                                                                   jdk.internal.reflect.DelegatingMethodAccessorImpl.invoke                      (DelegatingMethodAccessorImpl.java:43)             &#10;                                                                                            java.lang.reflect.Method.invoke                      (Method.java:566)                                  &#10;                                                                     org.gradle.internal.dispatch.ReflectionDispatch.dispatch                    (ReflectionDispatch.java:36)                       &#10;                                                                     org.gradle.internal.dispatch.ReflectionDispatch.dispatch                    (ReflectionDispatch.java:24)                       &#10;                            org.gradle.internal.remote.internal.hub.MessageHubBackedObjectConnection$DispatchWrapper.dispatch                    (MessageHubBackedObjectConnection.java:182)        &#10;                            org.gradle.internal.remote.internal.hub.MessageHubBackedObjectConnection$DispatchWrapper.dispatch                    (MessageHubBackedObjectConnection.java:164)        &#10;                                                          org.gradle.internal.remote.internal.hub.MessageHub$Handler.run                         (MessageHub.java:414)                              &#10;                                                org.gradle.internal.concurrent.ExecutorPolicy$CatchAndRecordFailures.onExecute                   (ExecutorPolicy.java:64)                           &#10;                                                                org.gradle.internal.concurrent.ManagedExecutorImpl$1.run                         (ManagedExecutorImpl.java:48)                      &#10;                                                                             java.util.concurrent.ThreadPoolExecutor.runWorker                   (ThreadPoolExecutor.java:1128)                     &#10;                                                                      java.util.concurrent.ThreadPoolExecutor$Worker.run                         (ThreadPoolExecutor.java:628)                      &#10;                                              org.gradle.internal.concurrent.ThreadFactoryImpl$ManagedThreadRunnable.run                         (ThreadFactoryImpl.java:56)                        &#10;                                                                                                    java.lang.Thread.run                         (Thread.java:829)                                  &#10;&#10;2)                                                                                    io.mockk.impl.InternalPlatform.captureStackTrace           (InternalPlatform.kt:121)                          &#10;                                                                                        io.mockk.impl.stub.MockKStub.handleInvocation            (MockKStub.kt:247)                                 &#10;                                                      io.mockk.impl.instantiation.JvmMockFactoryHelper$mockHandler$1.invocation                  (JvmMockFactoryHelper.kt:25)                       &#10;                                                                               io.mockk.proxy.jvm.advice.Interceptor.call                        (Interceptor.kt:20)                                &#10;                                                                                                   mockk.NormalClass.printInfo                   (NormalClass.kt:10)                                &#10;                                                                                                       mockk.Matcher.testExclude                 (Matcher.kt:38)                                    &#10;                                                                       jdk.internal.reflect.NativeMethodAccessorImpl.invoke0                     (NativeMethodAccessorImpl.java:-2)N                &#10;                                                                       jdk.internal.reflect.NativeMethodAccessorImpl.invoke                      (NativeMethodAccessorImpl.java:62)                 &#10;                                                                   jdk.internal.reflect.DelegatingMethodAccessorImpl.invoke                      (DelegatingMethodAccessorImpl.java:43)             &#10;                                                                                            java.lang.reflect.Method.invoke                      (Method.java:566)                                  &#10;                                                                     org.junit.platform.commons.util.ReflectionUtils.invokeMethod                (ReflectionUtils.java:686)                         &#10;                                                                 org.junit.jupiter.engine.execution.MethodInvocation.proceed                     (MethodInvocation.java:60)                         &#10;                                  org.junit.jupiter.engine.execution.InvocationInterceptorChain$ValidatingInvocation.proceed                     (InvocationInterceptorChain.java:131)              &#10;                                                                 org.junit.jupiter.engine.extension.TimeoutExtension.intercept                   (TimeoutExtension.java:149)                        &#10;                                                                 org.junit.jupiter.engine.extension.TimeoutExtension.interceptTestableMethod     (TimeoutExtension.java:140)                        &#10;                                                                 org.junit.jupiter.engine.extension.TimeoutExtension.interceptTestMethod         (TimeoutExtension.java:84)                         &#10;                                      org.junit.jupiter.engine.execution.ExecutableInvoker$ReflectiveInterceptorCall.lambda$ofVoidMethod$0       (ExecutableInvoker.java:115)                       &#10;                                                                org.junit.jupiter.engine.execution.ExecutableInvoker.lambda$invoke$0             (ExecutableInvoker.java:105)                       &#10;                                 org.junit.jupiter.engine.execution.InvocationInterceptorChain$InterceptedInvocation.proceed                     (InvocationInterceptorChain.java:106)              &#10;                                                       org.junit.jupiter.engine.execution.InvocationInterceptorChain.proceed                     (InvocationInterceptorChain.java:64)               &#10;                                                       org.junit.jupiter.engine.execution.InvocationInterceptorChain.chainAndInvoke              (InvocationInterceptorChain.java:45)               &#10;                                                       org.junit.jupiter.engine.execution.InvocationInterceptorChain.invoke                      (InvocationInterceptorChain.java:37)               &#10;                                                                org.junit.jupiter.engine.execution.ExecutableInvoker.invoke                      (ExecutableInvoker.java:104)                       &#10;                                                                org.junit.jupiter.engine.execution.ExecutableInvoker.invoke                      (ExecutableInvoker.java:98)                        &#10;                                                        org.junit.jupiter.engine.descriptor.TestMethodTestDescriptor.lambda$invokeTestMethod$6   (TestMethodTestDescriptor.java:205)                &#10;                                                   org.junit.platform.engine.support.hierarchical.ThrowableCollector.execute                     (ThrowableCollector.java:73)                       &#10;                                                        org.junit.jupiter.engine.descriptor.TestMethodTestDescriptor.invokeTestMethod            (TestMethodTestDescriptor.java:201)                &#10;                                                        org.junit.jupiter.engine.descriptor.TestMethodTestDescriptor.execute                     (TestMethodTestDescriptor.java:137)                &#10;                                                        org.junit.jupiter.engine.descriptor.TestMethodTestDescriptor.execute                     (TestMethodTestDescriptor.java:71)                 &#10;                                                         org.junit.platform.engine.support.hierarchical.NodeTestTask.lambda$executeRecursively$5 (NodeTestTask.java:135)                            &#10;                                                   org.junit.platform.engine.support.hierarchical.ThrowableCollector.execute                     (ThrowableCollector.java:73)                       &#10;                                                         org.junit.platform.engine.support.hierarchical.NodeTestTask.lambda$executeRecursively$7 (NodeTestTask.java:125)                            &#10;                                                                 org.junit.platform.engine.support.hierarchical.Node.around                      (Node.java:135)                                    &#10;                                                         org.junit.platform.engine.support.hierarchical.NodeTestTask.lambda$executeRecursively$8 (NodeTestTask.java:123)                            &#10;                                                   org.junit.platform.engine.support.hierarchical.ThrowableCollector.execute                     (ThrowableCollector.java:73)                       &#10;                                                         org.junit.platform.engine.support.hierarchical.NodeTestTask.executeRecursively          (NodeTestTask.java:122)                            &#10;                                                         org.junit.platform.engine.support.hierarchical.NodeTestTask.execute                     (NodeTestTask.java:80)                             &#10;                                                                                                 java.util.ArrayList.forEach                     (ArrayList.java:1541)                              &#10;                            org.junit.platform.engine.support.hierarchical.SameThreadHierarchicalTestExecutorService.invokeAll                   (SameThreadHierarchicalTestExecutorService.java:38)&#10;                                                         org.junit.platform.engine.support.hierarchical.NodeTestTask.lambda$executeRecursively$5 (NodeTestTask.java:139)                            &#10;                                                   org.junit.platform.engine.support.hierarchical.ThrowableCollector.execute                     (ThrowableCollector.java:73)                       &#10;                                                         org.junit.platform.engine.support.hierarchical.NodeTestTask.lambda$executeRecursively$7 (NodeTestTask.java:125)                            &#10;                                                                 org.junit.platform.engine.support.hierarchical.Node.around                      (Node.java:135)                                    &#10;                                                         org.junit.platform.engine.support.hierarchical.NodeTestTask.lambda$executeRecursively$8 (NodeTestTask.java:123)                            &#10;                                                   org.junit.platform.engine.support.hierarchical.ThrowableCollector.execute                     (ThrowableCollector.java:73)                       &#10;                                                         org.junit.platform.engine.support.hierarchical.NodeTestTask.executeRecursively          (NodeTestTask.java:122)                            &#10;                                                         org.junit.platform.engine.support.hierarchical.NodeTestTask.execute                     (NodeTestTask.java:80)                             &#10;                                                                                                 java.util.ArrayList.forEach                     (ArrayList.java:1541)                              &#10;                            org.junit.platform.engine.support.hierarchical.SameThreadHierarchicalTestExecutorService.invokeAll                   (SameThreadHierarchicalTestExecutorService.java:38)&#10;                                                         org.junit.platform.engine.support.hierarchical.NodeTestTask.lambda$executeRecursively$5 (NodeTestTask.java:139)                            &#10;                                                   org.junit.platform.engine.support.hierarchical.ThrowableCollector.execute                     (ThrowableCollector.java:73)                       &#10;                                                         org.junit.platform.engine.support.hierarchical.NodeTestTask.lambda$executeRecursively$7 (NodeTestTask.java:125)                            &#10;                                                                 org.junit.platform.engine.support.hierarchical.Node.around                      (Node.java:135)                                    &#10;                                                         org.junit.platform.engine.support.hierarchical.NodeTestTask.lambda$executeRecursively$8 (NodeTestTask.java:123)                            &#10;                                                   org.junit.platform.engine.support.hierarchical.ThrowableCollector.execute                     (ThrowableCollector.java:73)                       &#10;                                                         org.junit.platform.engine.support.hierarchical.NodeTestTask.executeRecursively          (NodeTestTask.java:122)                            &#10;                                                         org.junit.platform.engine.support.hierarchical.NodeTestTask.execute                     (NodeTestTask.java:80)                             &#10;                            org.junit.platform.engine.support.hierarchical.SameThreadHierarchicalTestExecutorService.submit                      (SameThreadHierarchicalTestExecutorService.java:32)&#10;                                             org.junit.platform.engine.support.hierarchical.HierarchicalTestExecutor.execute                     (HierarchicalTestExecutor.java:57)                 &#10;                                               org.junit.platform.engine.support.hierarchical.HierarchicalTestEngine.execute                     (HierarchicalTestEngine.java:51)                   &#10;                                                                    org.junit.platform.launcher.core.DefaultLauncher.execute                     (DefaultLauncher.java:248)                         &#10;                                                                    org.junit.platform.launcher.core.DefaultLauncher.lambda$execute$5            (DefaultLauncher.java:211)                         &#10;                                                                    org.junit.platform.launcher.core.DefaultLauncher.withInterceptedStreams      (DefaultLauncher.java:226)                         &#10;                                                                    org.junit.platform.launcher.core.DefaultLauncher.execute                     (DefaultLauncher.java:199)                         &#10;                                                                    org.junit.platform.launcher.core.DefaultLauncher.execute                     (DefaultLauncher.java:132)                         &#10;   org.gradle.api.internal.tasks.testing.junitplatform.JUnitPlatformTestClassProcessor$CollectAllTestClassesExecutor.processAllTestClasses       (JUnitPlatformTestClassProcessor.java:99)          &#10;   org.gradle.api.internal.tasks.testing.junitplatform.JUnitPlatformTestClassProcessor$CollectAllTestClassesExecutor.access$000                  (JUnitPlatformTestClassProcessor.java:79)          &#10;                                 org.gradle.api.internal.tasks.testing.junitplatform.JUnitPlatformTestClassProcessor.stop                        (JUnitPlatformTestClassProcessor.java:75)          &#10;                                                       org.gradle.api.internal.tasks.testing.SuiteTestClassProcessor.stop                        (SuiteTestClassProcessor.java:61)                  &#10;                                                                       jdk.internal.reflect.NativeMethodAccessorImpl.invoke0                     (NativeMethodAccessorImpl.java:-2)N                &#10;                                                                       jdk.internal.reflect.NativeMethodAccessorImpl.invoke                      (NativeMethodAccessorImpl.java:62)                 &#10;                                                                   jdk.internal.reflect.DelegatingMethodAccessorImpl.invoke                      (DelegatingMethodAccessorImpl.java:43)             &#10;                                                                                            java.lang.reflect.Method.invoke                      (Method.java:566)                                  &#10;                                                                     org.gradle.internal.dispatch.ReflectionDispatch.dispatch                    (ReflectionDispatch.java:36)                       &#10;                                                                     org.gradle.internal.dispatch.ReflectionDispatch.dispatch                    (ReflectionDispatch.java:24)                       &#10;                                                             org.gradle.internal.dispatch.ContextClassLoaderDispatch.dispatch                    (ContextClassLoaderDispatch.java:33)               &#10;                                      org.gradle.internal.dispatch.ProxyDispatchAdapter$DispatchingInvocationHandler.invoke                      (ProxyDispatchAdapter.java:94)                     &#10;                                                                                               com.sun.proxy.$Proxy2.stop                        (-:-1)                                             &#10;                                                             org.gradle.api.internal.tasks.testing.worker.TestWorker.stop                        (TestWorker.java:133)                              &#10;                                                                       jdk.internal.reflect.NativeMethodAccessorImpl.invoke0                     (NativeMethodAccessorImpl.java:-2)N                &#10;                                                                       jdk.internal.reflect.NativeMethodAccessorImpl.invoke                      (NativeMethodAccessorImpl.java:62)                 &#10;                                                                   jdk.internal.reflect.DelegatingMethodAccessorImpl.invoke                      (DelegatingMethodAccessorImpl.java:43)             &#10;                                                                                            java.lang.reflect.Method.invoke                      (Method.java:566)                                  &#10;                                                                     org.gradle.internal.dispatch.ReflectionDispatch.dispatch                    (ReflectionDispatch.java:36)                       &#10;                                                                     org.gradle.internal.dispatch.ReflectionDispatch.dispatch                    (ReflectionDispatch.java:24)                       &#10;                            org.gradle.internal.remote.internal.hub.MessageHubBackedObjectConnection$DispatchWrapper.dispatch                    (MessageHubBackedObjectConnection.java:182)        &#10;                            org.gradle.internal.remote.internal.hub.MessageHubBackedObjectConnection$DispatchWrapper.dispatch                    (MessageHubBackedObjectConnection.java:164)        &#10;                                                          org.gradle.internal.remote.internal.hub.MessageHub$Handler.run                         (MessageHub.java:414)                              &#10;                                                org.gradle.internal.concurrent.ExecutorPolicy$CatchAndRecordFailures.onExecute                   (ExecutorPolicy.java:64)                           &#10;                                                                org.gradle.internal.concurrent.ManagedExecutorImpl$1.run                         (ManagedExecutorImpl.java:48)                      &#10;                                                                             java.util.concurrent.ThreadPoolExecutor.runWorker                   (ThreadPoolExecutor.java:1128)                     &#10;                                                                      java.util.concurrent.ThreadPoolExecutor$Worker.run                         (ThreadPoolExecutor.java:628)                      &#10;                                              org.gradle.internal.concurrent.ThreadFactoryImpl$ManagedThreadRunnable.run                         (ThreadFactoryImpl.java:56)                        &#10;                                                                                                    java.lang.Thread.run                         (Thread.java:829)                                  " type="java.lang.AssertionError">java.lang.AssertionError: Verification failed: call 3 of 3: NormalClass(#1).start()) was not called.

Calls to same mock:
1) NormalClass(#1).setName(A)
2) NormalClass(#1).printInfo()

Stack traces:
1)                                                                                    io.mockk.impl.InternalPlatform.captureStackTrace           (InternalPlatform.kt:121)                          
                                                                                        io.mockk.impl.stub.MockKStub.handleInvocation            (MockKStub.kt:247)                                 
                                                      io.mockk.impl.instantiation.JvmMockFactoryHelper$mockHandler$1.invocation                  (JvmMockFactoryHelper.kt:25)                       
                                                                               io.mockk.proxy.jvm.advice.Interceptor.call                        (Interceptor.kt:20)                                
                                                                                                   mockk.NormalClass.setName                     (NormalClass.kt:4)                                 
                                                                                                       mockk.Matcher.testExclude                 (Matcher.kt:37)                                    
                                                                       jdk.internal.reflect.NativeMethodAccessorImpl.invoke0                     (NativeMethodAccessorImpl.java:-2)N                
                                                                       jdk.internal.reflect.NativeMethodAccessorImpl.invoke                      (NativeMethodAccessorImpl.java:62)                 
                                                                   jdk.internal.reflect.DelegatingMethodAccessorImpl.invoke                      (DelegatingMethodAccessorImpl.java:43)             
                                                                                            java.lang.reflect.Method.invoke                      (Method.java:566)                                  
                                                                     org.junit.platform.commons.util.ReflectionUtils.invokeMethod                (ReflectionUtils.java:686)                         
                                                                 org.junit.jupiter.engine.execution.MethodInvocation.proceed                     (MethodInvocation.java:60)                         
                                  org.junit.jupiter.engine.execution.InvocationInterceptorChain$ValidatingInvocation.proceed                     (InvocationInterceptorChain.java:131)              
                                                                 org.junit.jupiter.engine.extension.TimeoutExtension.intercept                   (TimeoutExtension.java:149)                        
                                                                 org.junit.jupiter.engine.extension.TimeoutExtension.interceptTestableMethod     (TimeoutExtension.java:140)                        
                                                                 org.junit.jupiter.engine.extension.TimeoutExtension.interceptTestMethod         (TimeoutExtension.java:84)                         
                                      org.junit.jupiter.engine.execution.ExecutableInvoker$ReflectiveInterceptorCall.lambda$ofVoidMethod$0       (ExecutableInvoker.java:115)                       
                                                                org.junit.jupiter.engine.execution.ExecutableInvoker.lambda$invoke$0             (ExecutableInvoker.java:105)                       
                                 org.junit.jupiter.engine.execution.InvocationInterceptorChain$InterceptedInvocation.proceed                     (InvocationInterceptorChain.java:106)              
                                                       org.junit.jupiter.engine.execution.InvocationInterceptorChain.proceed                     (InvocationInterceptorChain.java:64)               
                                                       org.junit.jupiter.engine.execution.InvocationInterceptorChain.chainAndInvoke              (InvocationInterceptorChain.java:45)               
                                                       org.junit.jupiter.engine.execution.InvocationInterceptorChain.invoke                      (InvocationInterceptorChain.java:37)               
                                                                org.junit.jupiter.engine.execution.ExecutableInvoker.invoke                      (ExecutableInvoker.java:104)                       
                                                                org.junit.jupiter.engine.execution.ExecutableInvoker.invoke                      (ExecutableInvoker.java:98)                        
                                                        org.junit.jupiter.engine.descriptor.TestMethodTestDescriptor.lambda$invokeTestMethod$6   (TestMethodTestDescriptor.java:205)                
                                                   org.junit.platform.engine.support.hierarchical.ThrowableCollector.execute                     (ThrowableCollector.java:73)                       
                                                        org.junit.jupiter.engine.descriptor.TestMethodTestDescriptor.invokeTestMethod            (TestMethodTestDescriptor.java:201)                
                                                        org.junit.jupiter.engine.descriptor.TestMethodTestDescriptor.execute                     (TestMethodTestDescriptor.java:137)                
                                                        org.junit.jupiter.engine.descriptor.TestMethodTestDescriptor.execute                     (TestMethodTestDescriptor.java:71)                 
                                                         org.junit.platform.engine.support.hierarchical.NodeTestTask.lambda$executeRecursively$5 (NodeTestTask.java:135)                            
                                                   org.junit.platform.engine.support.hierarchical.ThrowableCollector.execute                     (ThrowableCollector.java:73)                       
                                                         org.junit.platform.engine.support.hierarchical.NodeTestTask.lambda$executeRecursively$7 (NodeTestTask.java:125)                            
                                                                 org.junit.platform.engine.support.hierarchical.Node.around                      (Node.java:135)                                    
                                                         org.junit.platform.engine.support.hierarchical.NodeTestTask.lambda$executeRecursively$8 (NodeTestTask.java:123)                            
                                                   org.junit.platform.engine.support.hierarchical.ThrowableCollector.execute                     (ThrowableCollector.java:73)                       
                                                         org.junit.platform.engine.support.hierarchical.NodeTestTask.executeRecursively          (NodeTestTask.java:122)                            
                                                         org.junit.platform.engine.support.hierarchical.NodeTestTask.execute                     (NodeTestTask.java:80)                             
                                                                                                 java.util.ArrayList.forEach                     (ArrayList.java:1541)                              
                            org.junit.platform.engine.support.hierarchical.SameThreadHierarchicalTestExecutorService.invokeAll                   (SameThreadHierarchicalTestExecutorService.java:38)
                                                         org.junit.platform.engine.support.hierarchical.NodeTestTask.lambda$executeRecursively$5 (NodeTestTask.java:139)                            
                                                   org.junit.platform.engine.support.hierarchical.ThrowableCollector.execute                     (ThrowableCollector.java:73)                       
                                                         org.junit.platform.engine.support.hierarchical.NodeTestTask.lambda$executeRecursively$7 (NodeTestTask.java:125)                            
                                                                 org.junit.platform.engine.support.hierarchical.Node.around                      (Node.java:135)                                    
                                                         org.junit.platform.engine.support.hierarchical.NodeTestTask.lambda$executeRecursively$8 (NodeTestTask.java:123)                            
                                                   org.junit.platform.engine.support.hierarchical.ThrowableCollector.execute                     (ThrowableCollector.java:73)                       
                                                         org.junit.platform.engine.support.hierarchical.NodeTestTask.executeRecursively          (NodeTestTask.java:122)                            
                                                         org.junit.platform.engine.support.hierarchical.NodeTestTask.execute                     (NodeTestTask.java:80)                             
                                                                                                 java.util.ArrayList.forEach                     (ArrayList.java:1541)                              
                            org.junit.platform.engine.support.hierarchical.SameThreadHierarchicalTestExecutorService.invokeAll                   (SameThreadHierarchicalTestExecutorService.java:38)
                                                         org.junit.platform.engine.support.hierarchical.NodeTestTask.lambda$executeRecursively$5 (NodeTestTask.java:139)                            
                                                   org.junit.platform.engine.support.hierarchical.ThrowableCollector.execute                     (ThrowableCollector.java:73)                       
                                                         org.junit.platform.engine.support.hierarchical.NodeTestTask.lambda$executeRecursively$7 (NodeTestTask.java:125)                            
                                                                 org.junit.platform.engine.support.hierarchical.Node.around                      (Node.java:135)                                    
                                                         org.junit.platform.engine.support.hierarchical.NodeTestTask.lambda$executeRecursively$8 (NodeTestTask.java:123)                            
                                                   org.junit.platform.engine.support.hierarchical.ThrowableCollector.execute                     (ThrowableCollector.java:73)                       
                                                         org.junit.platform.engine.support.hierarchical.NodeTestTask.executeRecursively          (NodeTestTask.java:122)                            
                                                         org.junit.platform.engine.support.hierarchical.NodeTestTask.execute                     (NodeTestTask.java:80)                             
                            org.junit.platform.engine.support.hierarchical.SameThreadHierarchicalTestExecutorService.submit                      (SameThreadHierarchicalTestExecutorService.java:32)
                                             org.junit.platform.engine.support.hierarchical.HierarchicalTestExecutor.execute                     (HierarchicalTestExecutor.java:57)                 
                                               org.junit.platform.engine.support.hierarchical.HierarchicalTestEngine.execute                     (HierarchicalTestEngine.java:51)                   
                                                                    org.junit.platform.launcher.core.DefaultLauncher.execute                     (DefaultLauncher.java:248)                         
                                                                    org.junit.platform.launcher.core.DefaultLauncher.lambda$execute$5            (DefaultLauncher.java:211)                         
                                                                    org.junit.platform.launcher.core.DefaultLauncher.withInterceptedStreams      (DefaultLauncher.java:226)                         
                                                                    org.junit.platform.launcher.core.DefaultLauncher.execute                     (DefaultLauncher.java:199)                         
                                                                    org.junit.platform.launcher.core.DefaultLauncher.execute                     (DefaultLauncher.java:132)                         
   org.gradle.api.internal.tasks.testing.junitplatform.JUnitPlatformTestClassProcessor$CollectAllTestClassesExecutor.processAllTestClasses       (JUnitPlatformTestClassProcessor.java:99)          
   org.gradle.api.internal.tasks.testing.junitplatform.JUnitPlatformTestClassProcessor$CollectAllTestClassesExecutor.access$000                  (JUnitPlatformTestClassProcessor.java:79)          
                                 org.gradle.api.internal.tasks.testing.junitplatform.JUnitPlatformTestClassProcessor.stop                        (JUnitPlatformTestClassProcessor.java:75)          
                                                       org.gradle.api.internal.tasks.testing.SuiteTestClassProcessor.stop                        (SuiteTestClassProcessor.java:61)                  
                                                                       jdk.internal.reflect.NativeMethodAccessorImpl.invoke0                     (NativeMethodAccessorImpl.java:-2)N                
                                                                       jdk.internal.reflect.NativeMethodAccessorImpl.invoke                      (NativeMethodAccessorImpl.java:62)                 
                                                                   jdk.internal.reflect.DelegatingMethodAccessorImpl.invoke                      (DelegatingMethodAccessorImpl.java:43)             
                                                                                            java.lang.reflect.Method.invoke                      (Method.java:566)                                  
                                                                     org.gradle.internal.dispatch.ReflectionDispatch.dispatch                    (ReflectionDispatch.java:36)                       
                                                                     org.gradle.internal.dispatch.ReflectionDispatch.dispatch                    (ReflectionDispatch.java:24)                       
                                                             org.gradle.internal.dispatch.ContextClassLoaderDispatch.dispatch                    (ContextClassLoaderDispatch.java:33)               
                                      org.gradle.internal.dispatch.ProxyDispatchAdapter$DispatchingInvocationHandler.invoke                      (ProxyDispatchAdapter.java:94)                     
                                                                                               com.sun.proxy.$Proxy2.stop                        (-:-1)                                             
                                                             org.gradle.api.internal.tasks.testing.worker.TestWorker.stop                        (TestWorker.java:133)                              
                                                                       jdk.internal.reflect.NativeMethodAccessorImpl.invoke0                     (NativeMethodAccessorImpl.java:-2)N                
                                                                       jdk.internal.reflect.NativeMethodAccessorImpl.invoke                      (NativeMethodAccessorImpl.java:62)                 
                                                                   jdk.internal.reflect.DelegatingMethodAccessorImpl.invoke                      (DelegatingMethodAccessorImpl.java:43)             
                                                                                            java.lang.reflect.Method.invoke                      (Method.java:566)                                  
                                                                     org.gradle.internal.dispatch.ReflectionDispatch.dispatch                    (ReflectionDispatch.java:36)                       
                                                                     org.gradle.internal.dispatch.ReflectionDispatch.dispatch                    (ReflectionDispatch.java:24)                       
                            org.gradle.internal.remote.internal.hub.MessageHubBackedObjectConnection$DispatchWrapper.dispatch                    (MessageHubBackedObjectConnection.java:182)        
                            org.gradle.internal.remote.internal.hub.MessageHubBackedObjectConnection$DispatchWrapper.dispatch                    (MessageHubBackedObjectConnection.java:164)        
                                                          org.gradle.internal.remote.internal.hub.MessageHub$Handler.run                         (MessageHub.java:414)                              
                                                org.gradle.internal.concurrent.ExecutorPolicy$CatchAndRecordFailures.onExecute                   (ExecutorPolicy.java:64)                           
                                                                org.gradle.internal.concurrent.ManagedExecutorImpl$1.run                         (ManagedExecutorImpl.java:48)                      
                                                                             java.util.concurrent.ThreadPoolExecutor.runWorker                   (ThreadPoolExecutor.java:1128)                     
                                                                      java.util.concurrent.ThreadPoolExecutor$Worker.run                         (ThreadPoolExecutor.java:628)                      
                                              org.gradle.internal.concurrent.ThreadFactoryImpl$ManagedThreadRunnable.run                         (ThreadFactoryImpl.java:56)                        
                                                                                                    java.lang.Thread.run                         (Thread.java:829)                                  

2)                                                                                    io.mockk.impl.InternalPlatform.captureStackTrace           (InternalPlatform.kt:121)                          
                                                                                        io.mockk.impl.stub.MockKStub.handleInvocation            (MockKStub.kt:247)                                 
                                                      io.mockk.impl.instantiation.JvmMockFactoryHelper$mockHandler$1.invocation                  (JvmMockFactoryHelper.kt:25)                       
                                                                               io.mockk.proxy.jvm.advice.Interceptor.call                        (Interceptor.kt:20)                                
                                                                                                   mockk.NormalClass.printInfo                   (NormalClass.kt:10)                                
                                                                                                       mockk.Matcher.testExclude                 (Matcher.kt:38)                                    
                                                                       jdk.internal.reflect.NativeMethodAccessorImpl.invoke0                     (NativeMethodAccessorImpl.java:-2)N                
                                                                       jdk.internal.reflect.NativeMethodAccessorImpl.invoke                      (NativeMethodAccessorImpl.java:62)                 
                                                                   jdk.internal.reflect.DelegatingMethodAccessorImpl.invoke                      (DelegatingMethodAccessorImpl.java:43)             
                                                                                            java.lang.reflect.Method.invoke                      (Method.java:566)                                  
                                                                     org.junit.platform.commons.util.ReflectionUtils.invokeMethod                (ReflectionUtils.java:686)                         
                                                                 org.junit.jupiter.engine.execution.MethodInvocation.proceed                     (MethodInvocation.java:60)                         
                                  org.junit.jupiter.engine.execution.InvocationInterceptorChain$ValidatingInvocation.proceed                     (InvocationInterceptorChain.java:131)              
                                                                 org.junit.jupiter.engine.extension.TimeoutExtension.intercept                   (TimeoutExtension.java:149)                        
                                                                 org.junit.jupiter.engine.extension.TimeoutExtension.interceptTestableMethod     (TimeoutExtension.java:140)                        
                                                                 org.junit.jupiter.engine.extension.TimeoutExtension.interceptTestMethod         (TimeoutExtension.java:84)                         
                                      org.junit.jupiter.engine.execution.ExecutableInvoker$ReflectiveInterceptorCall.lambda$ofVoidMethod$0       (ExecutableInvoker.java:115)                       
                                                                org.junit.jupiter.engine.execution.ExecutableInvoker.lambda$invoke$0             (ExecutableInvoker.java:105)                       
                                 org.junit.jupiter.engine.execution.InvocationInterceptorChain$InterceptedInvocation.proceed                     (InvocationInterceptorChain.java:106)              
                                                       org.junit.jupiter.engine.execution.InvocationInterceptorChain.proceed                     (InvocationInterceptorChain.java:64)               
                                                       org.junit.jupiter.engine.execution.InvocationInterceptorChain.chainAndInvoke              (InvocationInterceptorChain.java:45)               
                                                       org.junit.jupiter.engine.execution.InvocationInterceptorChain.invoke                      (InvocationInterceptorChain.java:37)               
                                                                org.junit.jupiter.engine.execution.ExecutableInvoker.invoke                      (ExecutableInvoker.java:104)                       
                                                                org.junit.jupiter.engine.execution.ExecutableInvoker.invoke                      (ExecutableInvoker.java:98)                        
                                                        org.junit.jupiter.engine.descriptor.TestMethodTestDescriptor.lambda$invokeTestMethod$6   (TestMethodTestDescriptor.java:205)                
                                                   org.junit.platform.engine.support.hierarchical.ThrowableCollector.execute                     (ThrowableCollector.java:73)                       
                                                        org.junit.jupiter.engine.descriptor.TestMethodTestDescriptor.invokeTestMethod            (TestMethodTestDescriptor.java:201)                
                                                        org.junit.jupiter.engine.descriptor.TestMethodTestDescriptor.execute                     (TestMethodTestDescriptor.java:137)                
                                                        org.junit.jupiter.engine.descriptor.TestMethodTestDescriptor.execute                     (TestMethodTestDescriptor.java:71)                 
                                                         org.junit.platform.engine.support.hierarchical.NodeTestTask.lambda$executeRecursively$5 (NodeTestTask.java:135)                            
                                                   org.junit.platform.engine.support.hierarchical.ThrowableCollector.execute                     (ThrowableCollector.java:73)                       
                                                         org.junit.platform.engine.support.hierarchical.NodeTestTask.lambda$executeRecursively$7 (NodeTestTask.java:125)                            
                                                                 org.junit.platform.engine.support.hierarchical.Node.around                      (Node.java:135)                                    
                                                         org.junit.platform.engine.support.hierarchical.NodeTestTask.lambda$executeRecursively$8 (NodeTestTask.java:123)                            
                                                   org.junit.platform.engine.support.hierarchical.ThrowableCollector.execute                     (ThrowableCollector.java:73)                       
                                                         org.junit.platform.engine.support.hierarchical.NodeTestTask.executeRecursively          (NodeTestTask.java:122)                            
                                                         org.junit.platform.engine.support.hierarchical.NodeTestTask.execute                     (NodeTestTask.java:80)                             
                                                                                                 java.util.ArrayList.forEach                     (ArrayList.java:1541)                              
                            org.junit.platform.engine.support.hierarchical.SameThreadHierarchicalTestExecutorService.invokeAll                   (SameThreadHierarchicalTestExecutorService.java:38)
                                                         org.junit.platform.engine.support.hierarchical.NodeTestTask.lambda$executeRecursively$5 (NodeTestTask.java:139)                            
                                                   org.junit.platform.engine.support.hierarchical.ThrowableCollector.execute                     (ThrowableCollector.java:73)                       
                                                         org.junit.platform.engine.support.hierarchical.NodeTestTask.lambda$executeRecursively$7 (NodeTestTask.java:125)                            
                                                                 org.junit.platform.engine.support.hierarchical.Node.around                      (Node.java:135)                                    
                                                         org.junit.platform.engine.support.hierarchical.NodeTestTask.lambda$executeRecursively$8 (NodeTestTask.java:123)                            
                                                   org.junit.platform.engine.support.hierarchical.ThrowableCollector.execute                     (ThrowableCollector.java:73)                       
                                                         org.junit.platform.engine.support.hierarchical.NodeTestTask.executeRecursively          (NodeTestTask.java:122)                            
                                                         org.junit.platform.engine.support.hierarchical.NodeTestTask.execute                     (NodeTestTask.java:80)                             
                                                                                                 java.util.ArrayList.forEach                     (ArrayList.java:1541)                              
                            org.junit.platform.engine.support.hierarchical.SameThreadHierarchicalTestExecutorService.invokeAll                   (SameThreadHierarchicalTestExecutorService.java:38)
                                                         org.junit.platform.engine.support.hierarchical.NodeTestTask.lambda$executeRecursively$5 (NodeTestTask.java:139)                            
                                                   org.junit.platform.engine.support.hierarchical.ThrowableCollector.execute                     (ThrowableCollector.java:73)                       
                                                         org.junit.platform.engine.support.hierarchical.NodeTestTask.lambda$executeRecursively$7 (NodeTestTask.java:125)                            
                                                                 org.junit.platform.engine.support.hierarchical.Node.around                      (Node.java:135)                                    
                                                         org.junit.platform.engine.support.hierarchical.NodeTestTask.lambda$executeRecursively$8 (NodeTestTask.java:123)                            
                                                   org.junit.platform.engine.support.hierarchical.ThrowableCollector.execute                     (ThrowableCollector.java:73)                       
                                                         org.junit.platform.engine.support.hierarchical.NodeTestTask.executeRecursively          (NodeTestTask.java:122)                            
                                                         org.junit.platform.engine.support.hierarchical.NodeTestTask.execute                     (NodeTestTask.java:80)                             
                            org.junit.platform.engine.support.hierarchical.SameThreadHierarchicalTestExecutorService.submit                      (SameThreadHierarchicalTestExecutorService.java:32)
                                             org.junit.platform.engine.support.hierarchical.HierarchicalTestExecutor.execute                     (HierarchicalTestExecutor.java:57)                 
                                               org.junit.platform.engine.support.hierarchical.HierarchicalTestEngine.execute                     (HierarchicalTestEngine.java:51)                   
                                                                    org.junit.platform.launcher.core.DefaultLauncher.execute                     (DefaultLauncher.java:248)                         
                                                                    org.junit.platform.launcher.core.DefaultLauncher.lambda$execute$5            (DefaultLauncher.java:211)                         
                                                                    org.junit.platform.launcher.core.DefaultLauncher.withInterceptedStreams      (DefaultLauncher.java:226)                         
                                                                    org.junit.platform.launcher.core.DefaultLauncher.execute                     (DefaultLauncher.java:199)                         
                                                                    org.junit.platform.launcher.core.DefaultLauncher.execute                     (DefaultLauncher.java:132)                         
   org.gradle.api.internal.tasks.testing.junitplatform.JUnitPlatformTestClassProcessor$CollectAllTestClassesExecutor.processAllTestClasses       (JUnitPlatformTestClassProcessor.java:99)          
   org.gradle.api.internal.tasks.testing.junitplatform.JUnitPlatformTestClassProcessor$CollectAllTestClassesExecutor.access$000                  (JUnitPlatformTestClassProcessor.java:79)          
                                 org.gradle.api.internal.tasks.testing.junitplatform.JUnitPlatformTestClassProcessor.stop                        (JUnitPlatformTestClassProcessor.java:75)          
                                                       org.gradle.api.internal.tasks.testing.SuiteTestClassProcessor.stop                        (SuiteTestClassProcessor.java:61)                  
                                                                       jdk.internal.reflect.NativeMethodAccessorImpl.invoke0                     (NativeMethodAccessorImpl.java:-2)N                
                                                                       jdk.internal.reflect.NativeMethodAccessorImpl.invoke                      (NativeMethodAccessorImpl.java:62)                 
                                                                   jdk.internal.reflect.DelegatingMethodAccessorImpl.invoke                      (DelegatingMethodAccessorImpl.java:43)             
                                                                                            java.lang.reflect.Method.invoke                      (Method.java:566)                                  
                                                                     org.gradle.internal.dispatch.ReflectionDispatch.dispatch                    (ReflectionDispatch.java:36)                       
                                                                     org.gradle.internal.dispatch.ReflectionDispatch.dispatch                    (ReflectionDispatch.java:24)                       
                                                             org.gradle.internal.dispatch.ContextClassLoaderDispatch.dispatch                    (ContextClassLoaderDispatch.java:33)               
                                      org.gradle.internal.dispatch.ProxyDispatchAdapter$DispatchingInvocationHandler.invoke                      (ProxyDispatchAdapter.java:94)                     
                                                                                               com.sun.proxy.$Proxy2.stop                        (-:-1)                                             
                                                             org.gradle.api.internal.tasks.testing.worker.TestWorker.stop                        (TestWorker.java:133)                              
                                                                       jdk.internal.reflect.NativeMethodAccessorImpl.invoke0                     (NativeMethodAccessorImpl.java:-2)N                
                                                                       jdk.internal.reflect.NativeMethodAccessorImpl.invoke                      (NativeMethodAccessorImpl.java:62)                 
                                                                   jdk.internal.reflect.DelegatingMethodAccessorImpl.invoke                      (DelegatingMethodAccessorImpl.java:43)             
                                                                                            java.lang.reflect.Method.invoke                      (Method.java:566)                                  
                                                                     org.gradle.internal.dispatch.ReflectionDispatch.dispatch                    (ReflectionDispatch.java:36)                       
                                                                     org.gradle.internal.dispatch.ReflectionDispatch.dispatch                    (ReflectionDispatch.java:24)                       
                            org.gradle.internal.remote.internal.hub.MessageHubBackedObjectConnection$DispatchWrapper.dispatch                    (MessageHubBackedObjectConnection.java:182)        
                            org.gradle.internal.remote.internal.hub.MessageHubBackedObjectConnection$DispatchWrapper.dispatch                    (MessageHubBackedObjectConnection.java:164)        
                                                          org.gradle.internal.remote.internal.hub.MessageHub$Handler.run                         (MessageHub.java:414)                              
                                                org.gradle.internal.concurrent.ExecutorPolicy$CatchAndRecordFailures.onExecute                   (ExecutorPolicy.java:64)                           
                                                                org.gradle.internal.concurrent.ManagedExecutorImpl$1.run                         (ManagedExecutorImpl.java:48)                      
                                                                             java.util.concurrent.ThreadPoolExecutor.runWorker                   (ThreadPoolExecutor.java:1128)                     
                                                                      java.util.concurrent.ThreadPoolExecutor$Worker.run                         (ThreadPoolExecutor.java:628)                      
                                              org.gradle.internal.concurrent.ThreadFactoryImpl$ManagedThreadRunnable.run                         (ThreadFactoryImpl.java:56)                        
                                                                                                    java.lang.Thread.run                         (Thread.java:829)                                  
	at io.mockk.impl.recording.states.VerifyingState.failIfNotPassed(VerifyingState.kt:66)
	at io.mockk.impl.recording.states.VerifyingState.recordingDone(VerifyingState.kt:42)
	at io.mockk.impl.recording.CommonCallRecorder.done(CommonCallRecorder.kt:47)
	at io.mockk.impl.eval.RecordedBlockEvaluator.record(RecordedBlockEvaluator.kt:60)
	at io.mockk.impl.eval.VerifyBlockEvaluator.verify(VerifyBlockEvaluator.kt:30)
	at io.mockk.MockKDsl.internalVerify(API.kt:118)
	at io.mockk.MockKKt.verify(MockK.kt:139)
	at io.mockk.MockKKt.verify$default(MockK.kt:136)
	at mockk.Matcher.testExclude(Matcher.kt:40)
	at java.base/jdk.internal.reflect.NativeMethodAccessorImpl.invoke0(Native Method)
	at java.base/jdk.internal.reflect.NativeMethodAccessorImpl.invoke(NativeMethodAccessorImpl.java:62)
	at java.base/jdk.internal.reflect.DelegatingMethodAccessorImpl.invoke(DelegatingMethodAccessorImpl.java:43)
	at java.base/java.lang.reflect.Method.invoke(Method.java:566)
	at org.junit.platform.commons.util.ReflectionUtils.invokeMethod(ReflectionUtils.java:686)
	at org.junit.jupiter.engine.execution.MethodInvocation.proceed(MethodInvocation.java:60)
	at org.junit.jupiter.engine.execution.InvocationInterceptorChain$ValidatingInvocation.proceed(InvocationInterceptorChain.java:131)
	at org.junit.jupiter.engine.extension.TimeoutExtension.intercept(TimeoutExtension.java:149)
	at org.junit.jupiter.engine.extension.TimeoutExtension.interceptTestableMethod(TimeoutExtension.java:140)
	at org.junit.jupiter.engine.extension.TimeoutExtension.interceptTestMethod(TimeoutExtension.java:84)
	at org.junit.jupiter.engine.execution.ExecutableInvoker$ReflectiveInterceptorCall.lambda$ofVoidMethod$0(ExecutableInvoker.java:115)
	at org.junit.jupiter.engine.execution.ExecutableInvoker.lambda$invoke$0(ExecutableInvoker.java:105)
	at org.junit.jupiter.engine.execution.InvocationInterceptorChain$InterceptedInvocation.proceed(InvocationInterceptorChain.java:106)
	at org.junit.jupiter.engine.execution.InvocationInterceptorChain.proceed(InvocationInterceptorChain.java:64)
	at org.junit.jupiter.engine.execution.InvocationInterceptorChain.chainAndInvoke(InvocationInterceptorChain.java:45)
	at org.junit.jupiter.engine.execution.InvocationInterceptorChain.invoke(InvocationInterceptorChain.java:37)
	at org.junit.jupiter.engine.execution.ExecutableInvoker.invoke(ExecutableInvoker.java:104)
	at org.junit.jupiter.engine.execution.ExecutableInvoker.invoke(ExecutableInvoker.java:98)
	at org.junit.jupiter.engine.descriptor.TestMethodTestDescriptor.lambda$invokeTestMethod$6(TestMethodTestDescriptor.java:205)
	at org.junit.platform.engine.support.hierarchical.ThrowableCollector.execute(ThrowableCollector.java:73)
	at org.junit.jupiter.engine.descriptor.TestMethodTestDescriptor.invokeTestMethod(TestMethodTestDescriptor.java:201)
	at org.junit.jupiter.engine.descriptor.TestMethodTestDescriptor.execute(TestMethodTestDescriptor.java:137)
	at org.junit.jupiter.engine.descriptor.TestMethodTestDescriptor.execute(TestMethodTestDescriptor.java:71)
	at org.junit.platform.engine.support.hierarchical.NodeTestTask.lambda$executeRecursively$5(NodeTestTask.java:135)
	at org.junit.platform.engine.support.hierarchical.ThrowableCollector.execute(ThrowableCollector.java:73)
	at org.junit.platform.engine.support.hierarchical.NodeTestTask.lambda$executeRecursively$7(NodeTestTask.java:125)
	at org.junit.platform.engine.support.hierarchical.Node.around(Node.java:135)
	at org.junit.platform.engine.support.hierarchical.NodeTestTask.lambda$executeRecursively$8(NodeTestTask.java:123)
	at org.junit.platform.engine.support.hierarchical.ThrowableCollector.execute(ThrowableCollector.java:73)
	at org.junit.platform.engine.support.hierarchical.NodeTestTask.executeRecursively(NodeTestTask.java:122)
	at org.junit.platform.engine.support.hierarchical.NodeTestTask.execute(NodeTestTask.java:80)
	at java.base/java.util.ArrayList.forEach(ArrayList.java:1541)
	at org.junit.platform.engine.support.hierarchical.SameThreadHierarchicalTestExecutorService.invokeAll(SameThreadHierarchicalTestExecutorService.java:38)
	at org.junit.platform.engine.support.hierarchical.NodeTestTask.lambda$executeRecursively$5(NodeTestTask.java:139)
	at org.junit.platform.engine.support.hierarchical.ThrowableCollector.execute(ThrowableCollector.java:73)
	at org.junit.platform.engine.support.hierarchical.NodeTestTask.lambda$executeRecursively$7(NodeTestTask.java:125)
	at org.junit.platform.engine.support.hierarchical.Node.around(Node.java:135)
	at org.junit.platform.engine.support.hierarchical.NodeTestTask.lambda$executeRecursively$8(NodeTestTask.java:123)
	at org.junit.platform.engine.support.hierarchical.ThrowableCollector.execute(ThrowableCollector.java:73)
	at org.junit.platform.engine.support.hierarchical.NodeTestTask.executeRecursively(NodeTestTask.java:122)
	at org.junit.platform.engine.support.hierarchical.NodeTestTask.execute(NodeTestTask.java:80)
	at java.base/java.util.ArrayList.forEach(ArrayList.java:1541)
	at org.junit.platform.engine.support.hierarchical.SameThreadHierarchicalTestExecutorService.invokeAll(SameThreadHierarchicalTestExecutorService.java:38)
	at org.junit.platform.engine.support.hierarchical.NodeTestTask.lambda$executeRecursively$5(NodeTestTask.java:139)
	at org.junit.platform.engine.support.hierarchical.ThrowableCollector.execute(ThrowableCollector.java:73)
	at org.junit.platform.engine.support.hierarchical.NodeTestTask.lambda$executeRecursively$7(NodeTestTask.java:125)
	at org.junit.platform.engine.support.hierarchical.Node.around(Node.java:135)
	at org.junit.platform.engine.support.hierarchical.NodeTestTask.lambda$executeRecursively$8(NodeTestTask.java:123)
	at org.junit.platform.engine.support.hierarchical.ThrowableCollector.execute(ThrowableCollector.java:73)
	at org.junit.platform.engine.support.hierarchical.NodeTestTask.executeRecursively(NodeTestTask.java:122)
	at org.junit.platform.engine.support.hierarchical.NodeTestTask.execute(NodeTestTask.java:80)
	at org.junit.platform.engine.support.hierarchical.SameThreadHierarchicalTestExecutorService.submit(SameThreadHierarchicalTestExecutorService.java:32)
	at org.junit.platform.engine.support.hierarchical.HierarchicalTestExecutor.execute(HierarchicalTestExecutor.java:57)
	at org.junit.platform.engine.support.hierarchical.HierarchicalTestEngine.execute(HierarchicalTestEngine.java:51)
	at org.junit.platform.launcher.core.DefaultLauncher.execute(DefaultLauncher.java:248)
	at org.junit.platform.launcher.core.DefaultLauncher.lambda$execute$5(DefaultLauncher.java:211)
	at org.junit.platform.launcher.core.DefaultLauncher.withInterceptedStreams(DefaultLauncher.java:226)
	at org.junit.platform.launcher.core.DefaultLauncher.execute(DefaultLauncher.java:199)
	at org.junit.platform.launcher.core.DefaultLauncher.execute(DefaultLauncher.java:132)
	at org.gradle.api.internal.tasks.testing.junitplatform.JUnitPlatformTestClassProcessor$CollectAllTestClassesExecutor.processAllTestClasses(JUnitPlatformTestClassProcessor.java:99)
	at org.gradle.api.internal.tasks.testing.junitplatform.JUnitPlatformTestClassProcessor$CollectAllTestClassesExecutor.access$000(JUnitPlatformTestClassProcessor.java:79)
	at org.gradle.api.internal.tasks.testing.junitplatform.JUnitPlatformTestClassProcessor.stop(JUnitPlatformTestClassProcessor.java:75)
	at org.gradle.api.internal.tasks.testing.SuiteTestClassProcessor.stop(SuiteTestClassProcessor.java:61)
	at java.base/jdk.internal.reflect.NativeMethodAccessorImpl.invoke0(Native Method)
	at java.base/jdk.internal.reflect.NativeMethodAccessorImpl.invoke(NativeMethodAccessorImpl.java:62)
	at java.base/jdk.internal.reflect.DelegatingMethodAccessorImpl.invoke(DelegatingMethodAccessorImpl.java:43)
	at java.base/java.lang.reflect.Method.invoke(Method.java:566)
	at org.gradle.internal.dispatch.ReflectionDispatch.dispatch(ReflectionDispatch.java:36)
	at org.gradle.internal.dispatch.ReflectionDispatch.dispatch(ReflectionDispatch.java:24)
	at org.gradle.internal.dispatch.ContextClassLoaderDispatch.dispatch(ContextClassLoaderDispatch.java:33)
	at org.gradle.internal.dispatch.ProxyDispatchAdapter$DispatchingInvocationHandler.invoke(ProxyDispatchAdapter.java:94)
	at com.sun.proxy.$Proxy2.stop(Unknown Source)
	at org.gradle.api.internal.tasks.testing.worker.TestWorker.stop(TestWorker.java:133)
	at java.base/jdk.internal.reflect.NativeMethodAccessorImpl.invoke0(Native Method)
	at java.base/jdk.internal.reflect.NativeMethodAccessorImpl.invoke(NativeMethodAccessorImpl.java:62)
	at java.base/jdk.internal.reflect.DelegatingMethodAccessorImpl.invoke(DelegatingMethodAccessorImpl.java:43)
	at java.base/java.lang.reflect.Method.invoke(Method.java:566)
	at org.gradle.internal.dispatch.ReflectionDispatch.dispatch(ReflectionDispatch.java:36)
	at org.gradle.internal.dispatch.ReflectionDispatch.dispatch(ReflectionDispatch.java:24)
	at org.gradle.internal.remote.internal.hub.MessageHubBackedObjectConnection$DispatchWrapper.dispatch(MessageHubBackedObjectConnection.java:182)
	at org.gradle.internal.remote.internal.hub.MessageHubBackedObjectConnection$DispatchWrapper.dispatch(MessageHubBackedObjectConnection.java:164)
	at org.gradle.internal.remote.internal.hub.MessageHub$Handler.run(MessageHub.java:414)
	at org.gradle.internal.concurrent.ExecutorPolicy$CatchAndRecordFailures.onExecute(ExecutorPolicy.java:64)
	at org.gradle.internal.concurrent.ManagedExecutorImpl$1.run(ManagedExecutorImpl.java:48)
	at java.base/java.util.concurrent.ThreadPoolExecutor.runWorker(ThreadPoolExecutor.java:1128)
	at java.base/java.util.concurrent.ThreadPoolExecutor$Worker.run(ThreadPoolExecutor.java:628)
	at org.gradle.internal.concurrent.ThreadFactoryImpl$ManagedThreadRunnable.run(ThreadFactoryImpl.java:56)
	at java.base/java.lang.Thread.run(Thread.java:829)
</failure>
  </testcase>
  <system-out><![CDATA[]]></system-out>
  <system-err><![CDATA[]]></system-err>
</testsuite>
